"../../../Engine/Content/EditorBlueprintResources/StandardMacros.uasset" 0
"../../../../../../Users/user/Documents/Secret_Hit_Game/Content/FirstPerson/Character/Mesh/SK_Mannequin_Arms_Skeleton.uasset" 1
"../../../../../../Users/user/Documents/Secret_Hit_Game/Content/FirstPerson/Animations/FirstPerson_Run.uasset" 2
"../../../../../../Users/user/Documents/Secret_Hit_Game/Content/FirstPerson/Animations/FirstPerson_JumpStart.uasset" 3
"../../../../../../Users/user/Documents/Secret_Hit_Game/Content/FirstPerson/Animations/FirstPerson_JumpLoop.uasset" 4
"../../../../../../Users/user/Documents/Secret_Hit_Game/Content/FirstPerson/Animations/FirstPerson_JumpEnd.uasset" 5
"../../../../../../Users/user/Documents/Secret_Hit_Game/Content/FirstPerson/Animations/FirstPerson_Idle.uasset" 6
"../../../../../../Users/user/Documents/Secret_Hit_Game/Content/FirstPerson/Animations/FirstPerson_AnimBP.uasset" 7
"../../../../../../Users/user/Documents/Secret_Hit_Game/Content/FirstPerson/Character/Mesh/FirstPersonAnimBlueprint_Copy.uasset" 8
"../../../../../../Users/user/Documents/Secret_Hit_Game/Content/FirstPerson/Character/Textures/UE4_LOGO_CARD.uasset" 9
"../../../../../../Users/user/Documents/Secret_Hit_Game/Content/FirstPerson/FPWeapon/Materials/MaterialLayers/ML_Plastic_Shiny_Beige_LOGO.uasset" 10
"../../../../../../Users/user/Documents/Secret_Hit_Game/Content/FirstPerson/FPWeapon/Materials/MaterialLayers/T_ML_FineRubber.uasset" 11
"../../../../../../Users/user/Documents/Secret_Hit_Game/Content/FirstPerson/FPWeapon/Mesh/SK_FPGun_PhysicsAsset.uasset" 12
"../../../../../../Users/user/Documents/Secret_Hit_Game/Content/FirstPerson/Meshes/Materials/BaseMaterial.uasset" 13
"../../../../../../Users/user/Documents/Secret_Hit_Game/Content/FirstPerson/Meshes/BaseMaterial.uasset" 14
"../../../../../../Users/user/Documents/Secret_Hit_Game/Content/FirstPerson/Meshes/Materials/FirstPersonProjectileMaterial.uasset" 15
"../../../../../../Users/user/Documents/Secret_Hit_Game/Content/FirstPerson/Meshes/Materials/FirstPersonProjectileMesh.uasset" 16
"../../../../../../Users/user/Documents/Secret_Hit_Game/Content/FirstPersonCPP/Blueprints/FirstPersonProjectile.uasset" 17
"../../../../../../Users/user/Documents/Secret_Hit_Game/Content/FirstPerson/FPWeapon/Mesh/SK_FPGun_Skeleton.uasset" 18
"../../../../../../Users/user/Documents/Secret_Hit_Game/Content/FirstPerson/FPWeapon/Textures/T_FPGun_N.uasset" 19
"../../../../../../Users/user/Documents/Secret_Hit_Game/Content/FirstPerson/FPWeapon/Textures/T_FPGun_M.uasset" 20
"../../../../../../Users/user/Documents/Secret_Hit_Game/Content/FirstPerson/FPWeapon/Materials/MaterialLayers/T_ML_Aluminum01_N.uasset" 21
"../../../../../../Users/user/Documents/Secret_Hit_Game/Content/FirstPerson/FPWeapon/Materials/MaterialLayers/T_ML_Aluminum01.uasset" 22
"../../../../../../Users/user/Documents/Secret_Hit_Game/Content/FirstPerson/FPWeapon/Materials/MaterialLayers/ML_SoftMetal_UE4.uasset" 23
"../../../../../../Users/user/Documents/Secret_Hit_Game/Content/FirstPerson/FPWeapon/Materials/MaterialLayers/ML_Screen.uasset" 24
"../../../../../../Users/user/Documents/Secret_Hit_Game/Content/FirstPerson/FPWeapon/Materials/MaterialLayers/ML_Plastic_Shiny_Beige.uasset" 25
"../../../../../../Users/user/Documents/Secret_Hit_Game/Content/FirstPerson/FPWeapon/Materials/MaterialLayers/T_ML_Rubber_Blue_01_N.uasset" 26
"../../../../../../Users/user/Documents/Secret_Hit_Game/Content/FirstPerson/FPWeapon/Materials/MaterialLayers/T_ML_Rubber_Blue_01_D.uasset" 27
"../../../../../../Users/user/Documents/Secret_Hit_Game/Content/FirstPerson/FPWeapon/Materials/MaterialLayers/ML_GlossyBlack_Latex_UE4.uasset" 28
"../../../Engine/Content/Functions/MaterialLayerFunctions/MatLayerBlend_Simple.uasset" 29
"../../../Engine/Content/Functions/Engine_MaterialFunctions02/Utility/BlendAngleCorrectedNormals.uasset" 30
"../../../Engine/Content/Functions/MaterialLayerFunctions/MatLayerBlend_NormalBlend.uasset" 31
"../../../../../../Users/user/Documents/Secret_Hit_Game/Content/FirstPerson/FPWeapon/Materials/M_FPGun.uasset" 32
"../../../../../../Users/user/Documents/Secret_Hit_Game/Content/FirstPerson/FPWeapon/Mesh/SK_FPGun.uasset" 33
"../../../../../../Users/user/Documents/Secret_Hit_Game/Content/FirstPerson/Character/Mesh/SK_Mannequin_Arms_PhysicsAsset.uasset" 34
"../../../../../../Users/user/Documents/Secret_Hit_Game/Content/FirstPerson/Character/Textures/UE4_Mannequin_MAT_MASKA.uasset" 35
"../../../../../../Users/user/Documents/Secret_Hit_Game/Content/FirstPerson/Character/Textures/UE4_Mannequin__normals.uasset" 36
"../../../../../../Users/user/Documents/Secret_Hit_Game/Content/FirstPerson/Character/Materials/MaterialLayers/T_ML_Aluminum01_N.uasset" 37
"../../../../../../Users/user/Documents/Secret_Hit_Game/Content/FirstPerson/Character/Materials/MaterialLayers/T_ML_Aluminum01.uasset" 38
"../../../../../../Users/user/Documents/Secret_Hit_Game/Content/FirstPerson/Character/Materials/MaterialLayers/ML_SoftMetal_UE4.uasset" 39
"../../../../../../Users/user/Documents/Secret_Hit_Game/Content/FirstPerson/Character/Materials/MaterialLayers/ML_Plastic_Shiny_Beige_LOGO.uasset" 40
"../../../../../../Users/user/Documents/Secret_Hit_Game/Content/FirstPerson/Character/Materials/MaterialLayers/ML_Plastic_Shiny_Beige.uasset" 41
"../../../../../../Users/user/Documents/Secret_Hit_Game/Content/FirstPerson/Character/Materials/MaterialLayers/T_ML_Rubber_Blue_01_N.uasset" 42
"../../../../../../Users/user/Documents/Secret_Hit_Game/Content/FirstPerson/Character/Materials/MaterialLayers/T_ML_Rubber_Blue_01_D.uasset" 43
"../../../../../../Users/user/Documents/Secret_Hit_Game/Content/FirstPerson/Character/Materials/MaterialLayers/ML_GlossyBlack_Latex_UE4.uasset" 44
"../../../../../../Users/user/Documents/Secret_Hit_Game/Content/FirstPerson/Character/Materials/M_UE4Man_Body.uasset" 45
"../../../../../../Users/user/Documents/Secret_Hit_Game/Content/FirstPerson/Character/Mesh/SK_Mannequin_Arms.uasset" 46
"../../../../../../Users/user/Documents/Secret_Hit_Game/Content/FirstPerson/Audio/FirstPersonTemplateWeaponFire02.uasset" 47
"../../../../../../Users/user/Documents/Secret_Hit_Game/Content/FirstPerson/Animations/FirstPerson_Fire.uasset" 48
"../../../../../../Users/user/Documents/Secret_Hit_Game/Content/FirstPerson/Animations/FirstPersonFire_Montage.uasset" 49
"../../../../../../Users/user/Documents/Secret_Hit_Game/Content/FirstPersonCPP/Blueprints/FirstPersonCharacter.uasset" 50
"../../../../../../Users/user/Documents/Secret_Hit_Game/Content/FirstPerson/Gameplay_Control/MainGameController.uasset" 51
"../../../../../../Users/user/Documents/Secret_Hit_Game/Content/FirstPerson/Meshes/Chancellor_Back.uasset" 52
"../../../../../../Users/user/Documents/Secret_Hit_Game/Content/FirstPerson/Meshes/Materials/CubeMaterialOverride.uasset" 53
"../../../../../../Users/user/Documents/Secret_Hit_Game/Content/FirstPerson/Meshes/CubeMaterialOverride.uasset" 54
"../../../../../../Users/user/Documents/Secret_Hit_Game/Content/FirstPerson/Meshes/curtain_cloth_obj_.uasset" 55
"../../../../../../Users/user/Documents/Secret_Hit_Game/Content/FirstPerson/Meshes/fabric_bump.uasset" 56
"../../../../../../Users/user/Documents/Secret_Hit_Game/Content/FirstPerson/Meshes/Facade8.uasset" 57
"../../../../../../Users/user/Documents/Secret_Hit_Game/Content/FirstPerson/Meshes/Facade1.uasset" 58
"../../../../../../Users/user/Documents/Secret_Hit_Game/Content/FirstPerson/Meshes/Facade7.uasset" 59
"../../../../../../Users/user/Documents/Secret_Hit_Game/Content/FirstPerson/Meshes/Facade2.uasset" 60
"../../../../../../Users/user/Documents/Secret_Hit_Game/Content/FirstPerson/Meshes/Facade6.uasset" 61
"../../../../../../Users/user/Documents/Secret_Hit_Game/Content/FirstPerson/Meshes/Facade3.uasset" 62
"../../../../../../Users/user/Documents/Secret_Hit_Game/Content/FirstPerson/Meshes/Facade5.uasset" 63
"../../../../../../Users/user/Documents/Secret_Hit_Game/Content/FirstPerson/Meshes/Facade4.uasset" 64
"../../../../../../Users/user/Documents/Secret_Hit_Game/Content/FirstPerson/Meshes/FaceCard_Back.uasset" 65
"../../../../../../Users/user/Documents/Secret_Hit_Game/Content/FirstPerson/Meshes/Face_Cards2.uasset" 66
"../../../../../../Users/user/Documents/Secret_Hit_Game/Content/FirstPerson/Meshes/Face_Card1.uasset" 67
"../../../../../../Users/user/Documents/Secret_Hit_Game/Content/FirstPerson/Meshes/FactionCard_Back.uasset" 68
"../../../../../../Users/user/Documents/Secret_Hit_Game/Content/FirstPerson/Meshes/Materials/FactionCardLiberal/FactionCardLiberal_Diffuse.uasset" 69
"../../../../../../Users/user/Documents/Secret_Hit_Game/Content/FirstPerson/Meshes/Liberal_Card.uasset" 70
"../../../../../../Users/user/Documents/Secret_Hit_Game/Content/FirstPerson/Meshes/Faction_Card_Liberal.uasset" 71
"../../../../../../Users/user/Documents/Secret_Hit_Game/Content/FirstPerson/Meshes/FirstPersonProjectileMaterial.uasset" 72
"../../../../../../Users/user/Documents/Secret_Hit_Game/Content/FirstPerson/Meshes/FirstPersonProjectileMesh.uasset" 73
"../../../../../../Users/user/Documents/Secret_Hit_Game/Content/FirstPerson/Meshes/TexturesCom_Brick_StoneGeometric_1K_roughness.uasset" 74
"../../../../../../Users/user/Documents/Secret_Hit_Game/Content/FirstPerson/Meshes/TexturesCom_Brick_StoneGeometric_1K_albedo.uasset" 75
"../../../../../../Users/user/Documents/Secret_Hit_Game/Content/FirstPerson/Meshes/Stone_Brick.uasset" 76
"../../../../../../Users/user/Documents/Secret_Hit_Game/Content/FirstPerson/Meshes/Grass_Border.uasset" 77
"../../../../../../Users/user/Documents/Secret_Hit_Game/Content/FirstPerson/Meshes/Gunmetal.uasset" 78
"../../../../../../Users/user/Documents/Secret_Hit_Game/Content/FirstPerson/Meshes/Staircase.uasset" 79
"../../../../../../Users/user/Documents/Secret_Hit_Game/Content/FirstPerson/Meshes/Large_Building.uasset" 80
"../../../../../../Users/user/Documents/Secret_Hit_Game/Content/FirstPerson/Meshes/TexturesCom_Marble_SlabBlack_1K_albedo.uasset" 81
"../../../../../../Users/user/Documents/Secret_Hit_Game/Content/FirstPerson/Meshes/Marble.uasset" 82
"../../../../../../Users/user/Documents/Secret_Hit_Game/Content/FirstPerson/Meshes/Marble_Dark.uasset" 83
"../../../../../../Users/user/Documents/Secret_Hit_Game/Content/FirstPerson/Meshes/President_Back.uasset" 84
"../../../../../../Users/user/Documents/Secret_Hit_Game/Content/FirstPerson/Meshes/UV_P08Luger_Barrel_Standard_albedo.uasset" 85
"../../../../../../Users/user/Documents/Secret_Hit_Game/Content/FirstPerson/Meshes/UV_P08Luger_Barrel_Standard_roughness.uasset" 86
"../../../../../../Users/user/Documents/Secret_Hit_Game/Content/FirstPerson/Meshes/UV_P08Luger_Body_albedo.uasset" 87
"../../../../../../Users/user/Documents/Secret_Hit_Game/Content/FirstPerson/Meshes/Materials/Left_Wall/LeftWall_Roughness.uasset" 88
"../../../../../../Users/user/Documents/Secret_Hit_Game/Content/FirstPerson/Meshes/Materials/Left_Wall/LeftWall_Normal.uasset" 89
"../../../../../../Users/user/Documents/Secret_Hit_Game/Content/FirstPerson/Meshes/Materials/Left_Wall/LeftWall_Diffuse.uasset" 90
"../../../../../../Users/user/Documents/Secret_Hit_Game/Content/FirstPerson/Meshes/Materials/Marble_Dark.uasset" 91
"../../../../../../Users/user/Documents/Secret_Hit_Game/Content/FirstPerson/Meshes/Walls_Dark.uasset" 92
"../../../../../../Users/user/Documents/Secret_Hit_Game/Content/FirstPerson/Meshes/Water1.uasset" 93
"../../../../../../Users/user/Documents/Secret_Hit_Game/Content/FirstPerson/Meshes/Water.uasset" 94
"../../../../../../Users/user/Documents/Secret_Hit_Game/Content/FirstPerson/Meshes/Materials/Chancellor.uasset" 95
"../../../../../../Users/user/Documents/Secret_Hit_Game/Content/FirstPerson/Meshes/Materials/Chancellor_Back.uasset" 96
"../../../../../../Users/user/Documents/Secret_Hit_Game/Content/FirstPerson/Meshes/Materials/Election_Tracker1.uasset" 97
"../../../../../../Users/user/Documents/Secret_Hit_Game/Content/FirstPerson/Meshes/Materials/fabric_bump.uasset" 98
"../../../../../../Users/user/Documents/Secret_Hit_Game/Content/FirstPerson/Meshes/Materials/Fascist_Board1.uasset" 99
"../../../../../../Users/user/Documents/Secret_Hit_Game/Content/FirstPerson/Meshes/Materials/Liberal_Board1.uasset" 100
"../../../../../../Users/user/Documents/Secret_Hit_Game/Content/FirstPerson/Meshes/Materials/Liberal_Card.uasset" 101
"../../../../../../Users/user/Documents/Secret_Hit_Game/Content/FirstPerson/Meshes/Materials/Membership_Cards.uasset" 102
"../../../../../../Users/user/Documents/Secret_Hit_Game/Content/FirstPerson/Meshes/Materials/FactioncardFascist/FactionCardFascist_Diffuse.uasset" 103
"../../../../../../Users/user/Documents/Secret_Hit_Game/Content/FirstPerson/Textures/FirstPersonCrosshair.uasset" 104
"../../../../../../Users/user/Documents/Secret_Hit_Game/Content/FirstPersonCPP/Maps/FirstPersonExampleMap_BuiltData.uasset" 105
"../../../../../../Users/user/Documents/Secret_Hit_Game/Content/Geometry/Meshes/CubeMaterial.uasset" 106
"../../../../../../Users/user/Documents/Secret_Hit_Game/Content/Geometry/Meshes/1M_Cube_Chamfer.uasset" 107
"../../../../../../Users/user/Documents/Secret_Hit_Game/Content/Geometry/Meshes/TemplateFloor.uasset" 108
"../../../../../../Users/user/Documents/Secret_Hit_Game/Content/StarterContent/Materials/M_Basic_Wall.uasset" 109
"../../../../../../Users/user/Documents/Secret_Hit_Game/Content/StarterContent/Architecture/Pillar_50x500.uasset" 110
"../../../../../../Users/user/Documents/Secret_Hit_Game/Content/StarterContent/Architecture/Wall_400x300.uasset" 111
"../../../../../../Users/user/Documents/Secret_Hit_Game/Content/StarterContent/Architecture/Wall_400x400.uasset" 112
"../../../../../../Users/user/Documents/Secret_Hit_Game/Content/StarterContent/Architecture/Wall_500x500.uasset" 113
"../../../../../../Users/user/Documents/Secret_Hit_Game/Content/StarterContent/Architecture/Wall_Door_400x400.uasset" 114
"../../../../../../Users/user/Documents/Secret_Hit_Game/Content/StarterContent/Architecture/Wall_Window_400x400.uasset" 115
"../../../../../../Users/user/Documents/Secret_Hit_Game/Content/StarterContent/Audio/Collapse01.uasset" 116
"../../../../../../Users/user/Documents/Secret_Hit_Game/Content/StarterContent/Audio/Collapse02.uasset" 117
"../../../../../../Users/user/Documents/Secret_Hit_Game/Content/StarterContent/Audio/Explosion01.uasset" 118
"../../../../../../Users/user/Documents/Secret_Hit_Game/Content/StarterContent/Audio/Explosion02.uasset" 119
"../../../../../../Users/user/Documents/Secret_Hit_Game/Content/StarterContent/Audio/Fire01.uasset" 120
"../../../../../../Users/user/Documents/Secret_Hit_Game/Content/StarterContent/Audio/Fire_Sparks01.uasset" 121
"../../../../../../Users/user/Documents/Secret_Hit_Game/Content/StarterContent/Audio/Light01.uasset" 122
"../../../../../../Users/user/Documents/Secret_Hit_Game/Content/StarterContent/Audio/Light01_Cue.uasset" 123
"../../../../../../Users/user/Documents/Secret_Hit_Game/Content/StarterContent/Audio/Light02.uasset" 124
"../../../../../../Users/user/Documents/Secret_Hit_Game/Content/StarterContent/Audio/Light02_Cue.uasset" 125
"../../../../../../Users/user/Documents/Secret_Hit_Game/Content/StarterContent/Audio/Smoke01.uasset" 126
"../../../../../../Users/user/Documents/Secret_Hit_Game/Content/StarterContent/Audio/Starter_Birds01.uasset" 127
"../../../../../../Users/user/Documents/Secret_Hit_Game/Content/StarterContent/Audio/Starter_Music01.uasset" 128
"../../../../../../Users/user/Documents/Secret_Hit_Game/Content/StarterContent/Audio/Starter_Wind05.uasset" 129
"../../../../../../Users/user/Documents/Secret_Hit_Game/Content/StarterContent/Audio/Starter_Wind06.uasset" 130
"../../../../../../Users/user/Documents/Secret_Hit_Game/Content/StarterContent/Audio/Steam01.uasset" 131
"../../../../../../Users/user/Documents/Secret_Hit_Game/Content/StarterContent/Textures/T_Smoke_Tiled_D.uasset" 132
"../../../../../../Users/user/Documents/Secret_Hit_Game/Content/StarterContent/Textures/T_Smoke_SubUV.uasset" 133
"../../../../../../Users/user/Documents/Secret_Hit_Game/Content/StarterContent/Particles/Materials/M_smoke_subUV.uasset" 134
"../../../Engine/Content/Functions/Engine_MaterialFunctions01/Gradient/RadialGradient.uasset" 135
"../../../../../../Users/user/Documents/Secret_Hit_Game/Content/StarterContent/Particles/Materials/M_radial_ramp.uasset" 136
"../../../../../../Users/user/Documents/Secret_Hit_Game/Content/StarterContent/Particles/Materials/m_flare_01.uasset" 137
"../../../../../../Users/user/Documents/Secret_Hit_Game/Content/StarterContent/Textures/T_Explosion_SubUV.uasset" 138
"../../../../../../Users/user/Documents/Secret_Hit_Game/Content/StarterContent/Particles/Materials/M_explosion_subUV.uasset" 139
"../../../../../../Users/user/Documents/Secret_Hit_Game/Content/StarterContent/Textures/T_Burst_M.uasset" 140
"../../../../../../Users/user/Documents/Secret_Hit_Game/Content/StarterContent/Particles/Materials/M_Burst.uasset" 141
"../../../../../../Users/user/Documents/Secret_Hit_Game/Content/StarterContent/Particles/P_Explosion.uasset" 142
"../../../../../../Users/user/Documents/Secret_Hit_Game/Content/StarterContent/Audio/Explosion_Cue.uasset" 143
"../../../../../../Users/user/Documents/Secret_Hit_Game/Content/StarterContent/Blueprints/Blueprint_Effect_Explosion.uasset" 144
"../../../Engine/Content/EditorMeshes/ColorCalibrator/T_ColorGrid.uasset" 145
"../../../../../../Users/user/Documents/Secret_Hit_Game/Content/StarterContent/Materials/M_ColorGrid_LowSpec.uasset" 146
"../../../../../../Users/user/Documents/Secret_Hit_Game/Content/StarterContent/Textures/T_Bush_N.uasset" 147
"../../../../../../Users/user/Documents/Secret_Hit_Game/Content/StarterContent/Textures/T_Bush_D.uasset" 148
"../../../../../../Users/user/Documents/Secret_Hit_Game/Content/StarterContent/Props/Materials/M_Bush.uasset" 149
"../../../../../../Users/user/Documents/Secret_Hit_Game/Content/StarterContent/Props/SM_Bush.uasset" 150
"../../../../../../Users/user/Documents/Secret_Hit_Game/Content/StarterContent/Textures/T_Chair_N.uasset" 151
"../../../../../../Users/user/Documents/Secret_Hit_Game/Content/StarterContent/Textures/T_Chair_M.uasset" 152
"../../../../../../Users/user/Documents/Secret_Hit_Game/Content/StarterContent/Props/Materials/M_Chair.uasset" 153
"../../../../../../Users/user/Documents/Secret_Hit_Game/Content/StarterContent/Props/SM_Couch.uasset" 154
"../../../../../../Users/user/Documents/Secret_Hit_Game/Content/StarterContent/Textures/T_Door_N.uasset" 155
"../../../../../../Users/user/Documents/Secret_Hit_Game/Content/StarterContent/Textures/T_Door_M.uasset" 156
"../../../../../../Users/user/Documents/Secret_Hit_Game/Content/StarterContent/Props/Materials/M_Door.uasset" 157
"../../../../../../Users/user/Documents/Secret_Hit_Game/Content/StarterContent/Materials/M_Glass.uasset" 158
"../../../../../../Users/user/Documents/Secret_Hit_Game/Content/StarterContent/Props/SM_Door.uasset" 159
"../../../../../../Users/user/Documents/Secret_Hit_Game/Content/StarterContent/Props/Materials/M_MaterialSphere_Plain.uasset" 160
"../../../../../../Users/user/Documents/Secret_Hit_Game/Content/StarterContent/Props/Materials/M_MaterialSphere.uasset" 161
"../../../../../../Users/user/Documents/Secret_Hit_Game/Content/StarterContent/Props/SM_MatPreviewMesh_02.uasset" 162
"../../../../../../Users/user/Documents/Secret_Hit_Game/Content/StarterContent/Textures/T_RockMesh_N.uasset" 163
"../../../../../../Users/user/Documents/Secret_Hit_Game/Content/StarterContent/Textures/T_RockMesh_M.uasset" 164
"../../../../../../Users/user/Documents/Secret_Hit_Game/Content/StarterContent/Textures/T_Rock_Basalt_D.uasset" 165
"../../../../../../Users/user/Documents/Secret_Hit_Game/Content/StarterContent/Textures/T_Detail_Rocky_N.uasset" 166
"../../../../../../Users/user/Documents/Secret_Hit_Game/Content/StarterContent/Props/Materials/M_Rock.uasset" 167
"../../../../../../Users/user/Documents/Secret_Hit_Game/Content/StarterContent/Props/SM_Rock.uasset" 168
"../../../../../../Users/user/Documents/Secret_Hit_Game/Content/StarterContent/Textures/T_Shelf_N.uasset" 169
"../../../../../../Users/user/Documents/Secret_Hit_Game/Content/StarterContent/Textures/T_Shelf_M.uasset" 170
"../../../../../../Users/user/Documents/Secret_Hit_Game/Content/StarterContent/Props/Materials/M_Shelf.uasset" 171
"../../../../../../Users/user/Documents/Secret_Hit_Game/Content/StarterContent/Props/SM_Shelf.uasset" 172
"../../../../../../Users/user/Documents/Secret_Hit_Game/Content/StarterContent/Materials/M_Basic_Floor.uasset" 173
"../../../../../../Users/user/Documents/Secret_Hit_Game/Content/StarterContent/Props/SM_Stairs.uasset" 174
"../../../../../../Users/user/Documents/Secret_Hit_Game/Content/StarterContent/Shapes/Shape_Cone.uasset" 175
"../../../../../../Users/user/Documents/Secret_Hit_Game/Content/StarterContent/Shapes/Shape_Cylinder.uasset" 176
"../../../../../../Users/user/Documents/Secret_Hit_Game/Content/StarterContent/Shapes/Shape_NarrowCapsule.uasset" 177
"../../../../../../Users/user/Documents/Secret_Hit_Game/Content/StarterContent/Shapes/Shape_Pipe.uasset" 178
"../../../../../../Users/user/Documents/Secret_Hit_Game/Content/StarterContent/Shapes/Shape_Pipe_180.uasset" 179
"../../../../../../Users/user/Documents/Secret_Hit_Game/Content/StarterContent/Shapes/Shape_Pipe_90.uasset" 180
"../../../../../../Users/user/Documents/Secret_Hit_Game/Content/StarterContent/Shapes/Shape_Plane.uasset" 181
"../../../../../../Users/user/Documents/Secret_Hit_Game/Content/StarterContent/Shapes/Shape_Torus.uasset" 182
"../../../../../../Users/user/Documents/Secret_Hit_Game/Content/StarterContent/Shapes/Shape_Trim.uasset" 183
"../../../../../../Users/user/Documents/Secret_Hit_Game/Content/StarterContent/Shapes/Shape_Trim_90_In.uasset" 184
"../../../../../../Users/user/Documents/Secret_Hit_Game/Content/StarterContent/Shapes/Shape_Trim_90_Out.uasset" 185
"../../../../../../Users/user/Documents/Secret_Hit_Game/Content/StarterContent/Shapes/Shape_TriPyramid.uasset" 186
"../../../../../../Users/user/Documents/Secret_Hit_Game/Content/StarterContent/Shapes/Shape_Tube.uasset" 187
"../../../../../../Users/user/Documents/Secret_Hit_Game/Content/StarterContent/Shapes/Shape_Wedge_A.uasset" 188
"../../../../../../Users/user/Documents/Secret_Hit_Game/Content/StarterContent/Shapes/Shape_Wedge_B.uasset" 189
"../../../../../../Users/user/Documents/Secret_Hit_Game/Content/StarterContent/Shapes/Shape_WideCapsule.uasset" 190
"../../../Engine/Content/Animation/DefaultAnimBoneCompressionSettings.uasset" 191
"../../../Engine/Content/Animation/DefaultAnimCurveCompressionSettings.uasset" 192
"../../../Engine/Content/Functions/Engine_MaterialFunctions01/Opacity/CameraDepthFade.uasset" 193
"../../../Engine/Content/EngineMaterials/T_Default_Material_Grid_N.uasset" 194
"../../../Engine/Content/EngineMaterials/T_Default_Material_Grid_M.uasset" 195
"../../../Engine/Content/EngineMaterials/WorldGridMaterial.uasset" 196
"../../../Engine/Content/ArtTools/RenderToTexture/Meshes/S_1_Unit_Plane.uasset" 197
"../../../Engine/Content/EngineMaterials/DefaultMaterial.uasset" 198
"../../../Engine/Content/BasicShapes/Cone.uasset" 199
"../../../Engine/Content/BasicShapes/Cube.uasset" 200
"../../../Engine/Content/BasicShapes/Plane.uasset" 201
"../../../Engine/Content/BasicShapes/Sphere.uasset" 202
"../../../Engine/Content/EditorLandscapeResources/DataLayer.uasset" 203
"../../../Engine/Content/EditorLandscapeResources/DefaultAlphaTexture.uasset" 204
"../../../Engine/Content/EditorMaterials/MAT_Groups_Toggle.uasset" 205
"../../../Engine/Content/EditorMaterials/MAT_Groups_Visibility.uasset" 206
"../../../Engine/Content/EditorMaterials/PreviewShadowIndicator.uasset" 207
"../../../Engine/Content/EditorMaterials/PreviewShadowIndicatorMaterial.uasset" 208
"../../../Engine/Content/EditorMaterials/MatineeGroups/MAT_ColorTrack.uasset" 209
"../../../Engine/Content/EditorMaterials/MatineeGroups/MAT_Groups_Anim.uasset" 210
"../../../Engine/Content/EditorMaterials/MatineeGroups/MAT_Groups_AudioMaster.uasset" 211
"../../../Engine/Content/EditorMaterials/MatineeGroups/MAT_Groups_Director.uasset" 212
"../../../Engine/Content/EditorMaterials/MatineeGroups/MAT_Groups_Event.uasset" 213
"../../../Engine/Content/EditorMaterials/MatineeGroups/MAT_Groups_Fade.uasset" 214
"../../../Engine/Content/EditorMaterials/MatineeGroups/MAT_Groups_Float.uasset" 215
"../../../Engine/Content/EditorMaterials/MatineeGroups/MAT_Groups_Move.uasset" 216
"../../../Engine/Content/EditorMaterials/MatineeGroups/MAT_Groups_Slomo.uasset" 217
"../../../Engine/Content/EditorMaterials/MatineeGroups/MAT_Groups_Sound.uasset" 218
"../../../Engine/Content/EditorMaterials/MatineeGroups/MAT_Groups_Vector.uasset" 219
"../../../Engine/Content/EditorMaterials/ParticleSystems/PSysThumbnail_NoImage.uasset" 220
"../../../Engine/Content/EditorMaterials/ParticleSystems/PSysThumbnail_OOD.uasset" 221
"../../../Engine/Content/EditorMaterials/Camera/CineMat.uasset" 222
"../../../Engine/Content/EditorMaterials/Camera/MI_CineMat_Rig.uasset" 223
"../../../Engine/Content/EditorMeshes/Camera/SM_CraneRig_Arm.uasset" 224
"../../../Engine/Content/EditorMeshes/Camera/SM_CraneRig_Base.uasset" 225
"../../../Engine/Content/EditorMeshes/Camera/SM_CraneRig_Body.uasset" 226
"../../../Engine/Content/EditorMeshes/Camera/SM_CraneRig_Mount.uasset" 227
"../../../Engine/Content/EditorMeshes/Camera/SM_RailRig_Mount.uasset" 228
"../../../Engine/Content/EditorMeshes/Camera/SM_RailRig_Track.uasset" 229
"../../../Engine/Content/EditorResources/BSPVertex.uasset" 230
"../../../Engine/Content/EditorResources/EmptyActor.uasset" 231
"../../../Engine/Content/EditorResources/S_Actor.uasset" 232
"../../../Engine/Content/EditorResources/S_Note.uasset" 233
"../../../Engine/Content/EditorResources/S_Solver.uasset" 234
"../../../Engine/Content/EditorResources/S_Terrain.uasset" 235
"../../../Engine/Content/EditorResources/S_Trigger.uasset" 236
"../../../Engine/Content/EditorResources/AudioIcons/S_AudioComponent.uasset" 237
"../../../Engine/Content/EditorResources/AudioIcons/S_AudioComponent_AutoActivate.uasset" 238
"../../../Engine/Content/EditorResources/LightIcons/S_LightError.uasset" 239
"../../../Engine/Content/EditorResources/SequenceRecorder/Countdown.uasset" 240
"../../../Engine/Content/EditorResources/SequenceRecorder/RecordingIndicator.uasset" 241
"../../../Engine/Content/EngineDamageTypes/DmgTypeBP_Environmental.uasset" 242
"../../../Engine/Content/EngineDebugMaterials/DebugEditorMaterial.uasset" 243
"../../../Engine/Content/EngineDebugMaterials/DebugMeshMaterial.uasset" 244
"../../../Engine/Content/EngineDebugMaterials/M_SimpleUnlitTranslucent.uasset" 245
"../../../Engine/Content/EngineDebugMaterials/VolumeToRender.uasset" 246
"../../../Engine/Content/Functions/Engine_MaterialFunctions02/Utility/CameraDirectionVector.uasset" 247
"../../../Engine/Content/EngineDebugMaterials/M_VolumeRenderSphereTracePP.uasset" 248
"../../../Engine/Content/Functions/Engine_MaterialFunctions01/Shading/ConvertFromDiffSpec.uasset" 249
"../../../Engine/Content/EngineDebugMaterials/VertexColorMaterial.uasset" 250
"../../../Engine/Content/EngineDebugMaterials/WireframeMaterial.uasset" 251
"../../../Engine/Content/EngineFonts/Faces/RobotoRegular.uasset" 252
"../../../Engine/Content/EngineFonts/Faces/RobotoLight.uasset" 253
"../../../Engine/Content/EngineFonts/Faces/RobotoItalic.uasset" 254
"../../../Engine/Content/EngineFonts/Faces/RobotoBoldItalic.uasset" 255
"../../../Engine/Content/EngineFonts/Faces/RobotoBold.uasset" 256
"../../../Engine/Content/EngineFonts/Faces/DroidSansFallback.uasset" 257
"../../../Engine/Content/EngineFonts/Roboto.uasset" 258
"../../../Engine/Content/EngineMaterials/BaseFlattenNormalMap.uasset" 259
"../../../Engine/Content/EngineMaterials/BaseFlattenGrayscaleMap.uasset" 260
"../../../Engine/Content/EngineMaterials/BaseFlattenEmissiveMap.uasset" 261
"../../../Engine/Content/EngineMaterials/BaseFlattenDiffuseMap.uasset" 262
"../../../Engine/Content/EngineMaterials/BaseFlattenMaterial.uasset" 263
"../../../Engine/Content/EngineMaterials/BlueNoise.uasset" 264
"../../../Engine/Content/EngineMaterials/DefaultBloomKernel.uasset" 265
"../../../Engine/Content/EngineMaterials/DefaultBokeh.uasset" 266
"../../../Engine/Content/EngineMaterials/DefaultDiffuse.uasset" 267
"../../../Engine/Content/EngineMaterials/DefaultDeferredDecalMaterial.uasset" 268
"../../../Engine/Content/EngineMaterials/DefaultLightFunctionMaterial.uasset" 269
"../../../Engine/Content/EngineMaterials/DefaultPhysicalMaterial.uasset" 270
"../../../Engine/Content/Functions/Engine_MaterialFunctions02/Utility/BreakOutFloat2Components.uasset" 271
"../../../Engine/Content/EngineMaterials/DefaultPostProcessMaterial.uasset" 272
"../../../Engine/Content/EngineFonts/RobotoDistanceField.uasset" 273
"../../../Engine/Content/EngineMaterials/DefaultTextMaterialOpaque.uasset" 274
"../../../Engine/Content/EngineMaterials/DefaultWhiteGrid.uasset" 275
"../../../Engine/Content/EngineMaterials/DefaultWhiteGrid_Low.uasset" 276
"../../../Engine/Content/EngineMaterials/EmissiveMeshMaterial.uasset" 277
"../../../Engine/Content/EngineMaterials/GizmoMaterial.uasset" 278
"../../../Engine/Content/EngineMaterials/Good64x64TilingNoiseHighFreq.uasset" 279
"../../../Engine/Content/EngineMaterials/MiniFont.uasset" 280
"../../../Engine/Content/EngineMaterials/InvalidLightmapSettings.uasset" 281
"../../../Engine/Content/EngineMaterials/M_InvalidLightmapSettings.uasset" 282
"../../../Engine/Content/Functions/Engine_MaterialFunctions02/WorldPositionOffset/CameraOffset.uasset" 283
"../../../Engine/Content/EngineMaterials/PhAT_JointLimitMaterial.uasset" 284
"../../../Engine/Content/EngineMaterials/PreintegratedSkinBRDF.uasset" 285
"../../../Engine/Content/EngineMaterials/RemoveSurfaceMaterial.uasset" 286
"../../../Engine/Content/EngineMaterials/WeightMapPlaceholderTexture.uasset" 287
"../../../Engine/Content/EngineResources/WhiteSquareTexture.uasset" 288
"../../../Engine/Content/EngineMaterials/Widget3DPassThrough.uasset" 289
"../../../Engine/Content/EngineMaterials/Widget3DPassThrough_Masked.uasset" 290
"../../../Engine/Content/EngineMaterials/Widget3DPassThrough_Opaque.uasset" 291
"../../../Engine/Content/EngineMaterials/Widget3DPassThrough_Masked_OneSided.uasset" 292
"../../../Engine/Content/EngineMaterials/Widget3DPassThrough_Opaque_OneSided.uasset" 293
"../../../Engine/Content/EngineMaterials/Widget3DPassThrough_Translucent.uasset" 294
"../../../Engine/Content/EngineMaterials/Widget3DPassThrough_Translucent_OneSided.uasset" 295
"../../../Engine/Content/EngineMeshes/Cylinder.uasset" 296
"../../../Engine/Content/EngineMeshes/Sphere.uasset" 297
"../../../Engine/Content/EngineResources/Black.uasset" 298
"../../../Engine/Content/EngineResources/DefaultTextureCube.uasset" 299
"../../../Engine/Content/EngineResources/DefaultVolumeTexture2D.uasset" 300
"../../../Engine/Content/EngineResources/DefaultVolumeTexture.uasset" 301
"../../../Engine/Content/EngineResources/GradientTexture0.uasset" 302
"../../../Engine/Content/EngineSky/VolumetricClouds/T_NoiseShape64.uasset" 303
"../../../Engine/Content/EngineSky/VolumetricClouds/T_VolumeNoiseShape64.uasset" 304
"../../../Engine/Content/EngineSky/VolumetricClouds/T_NoiseErosion.uasset" 305
"../../../Engine/Content/EngineSky/VolumetricClouds/T_VolumeNoiseErosion32.uasset" 306
"../../../Engine/Content/EngineSky/VolumetricClouds/CloudWeatherTexture.uasset" 307
"../../../Engine/Content/EngineSky/VolumetricClouds/CloudGradientTexture.uasset" 308
"../../../Engine/Content/Functions/Engine_MaterialFunctions02/Utility/MakeFloat2.uasset" 309
"../../../Engine/Content/EngineSky/VolumetricClouds/m_SimpleVolumetricCloud.uasset" 310
"../../../Engine/Content/EngineSky/VolumetricClouds/m_SimpleVolumetricCloud_Inst.uasset" 311
"../../../Engine/Content/EngineSounds/Master.uasset" 312
"../../../Engine/Content/Functions/Engine_MaterialFunctions01/Shading/PowerToRoughness.uasset" 313
"../../../Engine/Content/Maps/Templates/Thumbnails/Default.uasset" 314
"../../../Engine/Content/Maps/Templates/Thumbnails/TimeOfDay.uasset" 315
"../../../Engine/Content/Maps/Templates/Thumbnails/VR-Basic.uasset" 316
"../../../Engine/Content/MobileResources/T_MobileControls_texture.uasset" 317
"../../../Engine/Content/MobileResources/T_MobileMenu2.uasset" 318
"../../../Engine/Content/MobileResources/HUD/AnalogHat.uasset" 319
"../../../Engine/Content/MobileResources/HUD/VirtualJoystick_Thumb.uasset" 320
"../../../Engine/Content/MobileResources/HUD/VirtualJoystick_Background.uasset" 321
"../../../Engine/Content/MobileResources/HUD/DefaultVirtualJoysticks.uasset" 322
"../../../Engine/Content/MobileResources/HUD/LeftVirtualJoystickOnly.uasset" 323
"../../../Engine/Content/MobileResources/HUD/MobileHUDButton1_off.uasset" 324
"../../../Engine/Content/MobileResources/HUD/MobileHUDButton1_on.uasset" 325
"../../../Engine/Content/MobileResources/HUD/MobileHUDButton2_off.uasset" 326
"../../../Engine/Content/MobileResources/HUD/MobileHUDButton2_on.uasset" 327
"../../../Engine/Content/MobileResources/HUD/MobileHUDButton3.uasset" 328
"../../../Engine/Content/MobileResources/HUD/MobileHUDButtonFire.uasset" 329
"../../../Engine/Content/MobileResources/HUD/MobileHUDDirectionPad.uasset" 330
"../../../Engine/Content/MobileResources/HUD/MobileHUDDirectionPad2.uasset" 331
"../../../Engine/Content/MobileResources/HUD/MobileHUDDirectionPad3.uasset" 332
"../../../Engine/Content/MobileResources/HUD/MobileHUDDirectionStick.uasset" 333
"../../../Engine/Content/MobileResources/HUD/T_Castle_ThumbstickInner.uasset" 334
"../../../Engine/Content/MobileResources/HUD/T_Castle_ThumbstickOutter.uasset" 335
"../../../Engine/Content/Tutorial/ContentIntroCurve.uasset" 336
"../../../Engine/Content/Tutorial/Basics/LevelEditorAttract.uasset" 337
"../../../Engine/Content/Tutorial/Basics/TutorialAssets/icon_tab_Levels_40x.uasset" 338
"../../../Engine/Content/Tutorial/Basics/LevelEditorOverview.uasset" 339
"../../../Engine/Content/Tutorial/BlueprintTutorials/TutorialAssets/Blueprint_64x.uasset" 340
"../../../Engine/Content/Tutorial/BlueprintTutorials/BlueprintEditorTutorial.uasset" 341
"../../../Engine/Content/VREditor/TransformGizmo/TranslucentTransformGizmoMaterial.uasset" 342
"../../../Engine/Content/VREditor/LaserPointer/VR_LaserPower_01.uasset" 343
"../../../Engine/Content/VREditor/TransformGizmo/TransformGizmoMaterial.uasset" 344
"../../../Engine/Content/VREditor/TransformGizmo/BoundingBoxCorner.uasset" 345
"../../../Engine/Content/VREditor/TransformGizmo/BoundingBoxEdge.uasset" 346
"../../../Engine/Content/VREditor/TransformGizmo/PlaneTranslationHandle.uasset" 347
"../../../Engine/Content/VREditor/TransformGizmo/Xray.uasset" 348
"../../../Engine/Content/VREditor/TransformGizmo/Main.uasset" 349
"../../../Engine/Content/VREditor/TransformGizmo/SM_Sequencer_Key.uasset" 350
"../../../Engine/Content/VREditor/TransformGizmo/SM_Sequencer_Node.uasset" 351
"../../Plugins/2D/Paper2D/Content/PlaceholderTextures/DummySpriteTexture.uasset" 352
"../../Plugins/2D/Paper2D/Content/DummySprite.uasset" 353
"../../Plugins/2D/Paper2D/Content/DefaultPaperTerrainMaterial.uasset" 354
"../../Plugins/2D/Paper2D/Content/DefaultSpriteMaterial.uasset" 355
"../../Plugins/2D/Paper2D/Content/MaskedUnlitSpriteMaterial.uasset" 356
"../../Plugins/2D/Paper2D/Content/OpaqueUnlitSpriteMaterial.uasset" 357
"../../../Engine/Content/Functions/Engine_MaterialFunctions02/Utility/BreakOutFloat3Components.uasset" 358
"../../../Engine/Content/Functions/Engine_MaterialFunctions02/ObjectLocalBounds.uasset" 359
"../../Plugins/Editor/SpeedTreeImporter/Content/SpeedTree9/UnpackInteger3.uasset" 360
"../../Plugins/Editor/SpeedTreeImporter/Content/SpeedTree9/UnpackDirection.uasset" 361
"../../Plugins/Editor/SpeedTreeImporter/Content/SpeedTree9/game_wind_noise.uasset" 362
"../../../Engine/Content/Functions/Engine_MaterialFunctions02/SafeNormalize.uasset" 363
"../../Plugins/Editor/SpeedTreeImporter/Content/SpeedTree9/SpeedTreeWindMotion.uasset" 364
"../../Plugins/Editor/SpeedTreeImporter/Content/SpeedTree9/SpeedTreeBranchMotion.uasset" 365
"../../../Engine/Content/Functions/Engine_MaterialFunctions02/UVs/BoundingBoxBased_0-1_UVW.uasset" 366
"../../Plugins/Editor/SpeedTreeImporter/Content/SpeedTree9/SpeedTreeWind.uasset" 367
"../../Plugins/Editor/SpeedTreeImporter/Content/SpeedTree9/SpeedTreeBillboard.uasset" 368
"../../../Engine/Content/EngineResources/DefaultTexture.uasset" 369
"../../Plugins/Editor/SpeedTreeImporter/Content/SpeedTree9/SpeedTreeBillboardMaster.uasset" 370
"../../Plugins/Editor/SpeedTreeImporter/Content/SpeedTree9/SpeedTreeCameraFacing.uasset" 371
"../../Plugins/Editor/SpeedTreeImporter/Content/SpeedTree9/SpeedTreeMaster.uasset" 372
"../../../Engine/Content/BasicShapes/Cylinder.uasset" 373
"../../../Engine/Content/ArtTools/RenderToTexture/Materials/Debug/M_Emissive_Color.uasset" 374
"../../Plugins/Lumin/MagicLeapPassableWorld/Content/MagicLeapARPinInfoActor.uasset" 375
"../../../Engine/Content/Functions/Engine_MaterialFunctions02/Utility/BreakOutFloat4Components.uasset" 376
"../../../Engine/Content/Functions/Engine_MaterialFunctions02/Utility/MakeFloat3.uasset" 377
"../../Plugins/Runtime/Oculus/OculusVR/Content/Materials/OculusMR_ChromaKey.uasset" 378
"../../Plugins/Runtime/Oculus/OculusVR/Content/Materials/OculusMR_OpaqueColoredMaterial.uasset" 379
"../../Plugins/Runtime/Oculus/OculusVR/Content/Materials/PokeAHoleMaterial.uasset" 380
"../../../../../../Users/user/Documents/Secret_Hit_Game/Content/FirstPerson/Meshes/Materials/TexturesCom_Marble_SlabBlack_1K_albedo.uasset" 381
"../../../../../../Users/user/Documents/Secret_Hit_Game/Content/FirstPerson/Meshes/Materials/Marble.uasset" 382
"../../../../../../Users/user/Documents/Secret_Hit_Game/Content/FirstPerson/Meshes/Window_Columns.uasset" 383
"../../../Engine/Content/Functions/Engine_MaterialFunctions02/Fresnel_Function.uasset" 384
"../../../../../../Users/user/Documents/Secret_Hit_Game/Content/FirstPerson/Meshes/Materials/Glass.uasset" 385
"../../../../../../Users/user/Documents/Secret_Hit_Game/Content/FirstPerson/Meshes/Windows.uasset" 386
"../../../../../../Users/user/Documents/Secret_Hit_Game/Content/FirstPerson/Meshes/Wall_Left.uasset" 387
"../../../../../../Users/user/Documents/Secret_Hit_Game/Content/FirstPerson/Meshes/Wall_Far.uasset" 388
"../../../../../../Users/user/Documents/Secret_Hit_Game/Content/FirstPerson/Meshes/Wall_Corner.uasset" 389
"../../../../../../Users/user/Documents/Secret_Hit_Game/Content/FirstPerson/Meshes/Wood.uasset" 390
"../../../../../../Users/user/Documents/Secret_Hit_Game/Content/FirstPerson/Meshes/Table.uasset" 391
"../../../../../../Users/user/Documents/Secret_Hit_Game/Content/FirstPerson/Meshes/Materials/UV_P08Luger_Body_albedo.uasset" 392
"../../../../../../Users/user/Documents/Secret_Hit_Game/Content/FirstPerson/Meshes/Materials/UV_P08Luger_Body.uasset" 393
"../../../../../../Users/user/Documents/Secret_Hit_Game/Content/FirstPerson/Meshes/Materials/UV_P08Luger_Barrel_Standard_roughness.uasset" 394
"../../../../../../Users/user/Documents/Secret_Hit_Game/Content/FirstPerson/Meshes/Materials/UV_P08Luger_Barrel_Standard_albedo.uasset" 395
"../../../../../../Users/user/Documents/Secret_Hit_Game/Content/FirstPerson/Meshes/Materials/UV_P08Luger_Barrel_Standard.uasset" 396
"../../../../../../Users/user/Documents/Secret_Hit_Game/Content/FirstPerson/Meshes/Materials/Gunmetal.uasset" 397
"../../../../../../Users/user/Documents/Secret_Hit_Game/Content/FirstPerson/Meshes/Ruger_Pistol.uasset" 398
"../../../../../../Users/user/Documents/Secret_Hit_Game/Content/FirstPerson/Meshes/Materials/President_Back.uasset" 399
"../../../../../../Users/user/Documents/Secret_Hit_Game/Content/FirstPerson/Meshes/Materials/President.uasset" 400
"../../../../../../Users/user/Documents/Secret_Hit_Game/Content/FirstPerson/Meshes/President_Card.uasset" 401
"../../../../../../Users/user/Documents/Secret_Hit_Game/Content/FirstPerson/Meshes/Materials/Table/Table_Roughness.uasset" 402
"../../../../../../Users/user/Documents/Secret_Hit_Game/Content/FirstPerson/Meshes/Materials/Table/Table_Diffuse.uasset" 403
"../../../../../../Users/user/Documents/Secret_Hit_Game/Content/FirstPerson/Meshes/Materials/Wood2.uasset" 404
"../../../../../../Users/user/Documents/Secret_Hit_Game/Content/FirstPerson/Meshes/Portrait_Frame.uasset" 405
"../../../../../../Users/user/Documents/Secret_Hit_Game/Content/FirstPerson/Meshes/Pond_Border.uasset" 406
"../../../../../../Users/user/Documents/Secret_Hit_Game/Content/FirstPerson/Meshes/Materials/Pedestal/Pedestal_Roughness.uasset" 407
"../../../../../../Users/user/Documents/Secret_Hit_Game/Content/FirstPerson/Meshes/Materials/Pedestal/Pedestal_Diffuse.uasset" 408
"../../../../../../Users/user/Documents/Secret_Hit_Game/Content/Pedestal.uasset" 409
"../../../../../../Users/user/Documents/Secret_Hit_Game/Content/FirstPerson/Meshes/Pedestal.uasset" 410
"../../../../../../Users/user/Documents/Secret_Hit_Game/Content/FirstPerson/Meshes/Stone_Brick_Dark.uasset" 411
"../../../../../../Users/user/Documents/Secret_Hit_Game/Content/FirstPerson/Meshes/Pavement.uasset" 412
"../../../../../../Users/user/Documents/Secret_Hit_Game/Content/FirstPerson/Meshes/Office_Sign.uasset" 413
"../../../../../../Users/user/Documents/Secret_Hit_Game/Content/FirstPerson/Meshes/Materials/Liberal_Portrait/LiberalPortrail_Normal.uasset" 414
"../../../../../../Users/user/Documents/Secret_Hit_Game/Content/FirstPerson/Meshes/Materials/Liberal_Portrait/LiberalPortrail_Diffuse.uasset" 415
"../../../../../../Users/user/Documents/Secret_Hit_Game/Content/FirstPerson/Meshes/Portrait1.uasset" 416
"../../../../../../Users/user/Documents/Secret_Hit_Game/Content/FirstPerson/Meshes/Liberal_Portrait.uasset" 417
"../../../../../../Users/user/Documents/Secret_Hit_Game/Content/FirstPerson/Meshes/Materials/Liberal_Board/LiberalBoard_Normal.uasset" 418
"../../../../../../Users/user/Documents/Secret_Hit_Game/Content/FirstPerson/Meshes/Materials/Liberal_Board/LiberalBoard_Diffuse.uasset" 419
"../../../../../../Users/user/Documents/Secret_Hit_Game/Content/FirstPerson/Meshes/Liberal_Board1.uasset" 420
"../../../../../../Users/user/Documents/Secret_Hit_Game/Content/FirstPerson/Meshes/Liberal_Board.uasset" 421
"../../../../../../Users/user/Documents/Secret_Hit_Game/Content/FirstPerson/Meshes/Stone_Brick_Darker.uasset" 422
"../../../../../../Users/user/Documents/Secret_Hit_Game/Content/FirstPerson/Meshes/Large_Building1.uasset" 423
"../../../../../../Users/user/Documents/Secret_Hit_Game/Content/FirstPerson/Meshes/Building.uasset" 424
"../../../../../../Users/user/Documents/Secret_Hit_Game/Content/FirstPerson/Meshes/LargeBuilding2.uasset" 425
"../../../../../../Users/user/Documents/Secret_Hit_Game/Content/FirstPerson/Meshes/Gold_Trim.uasset" 426
"../../../../../../Users/user/Documents/Secret_Hit_Game/Content/FirstPerson/Meshes/Lamp.uasset" 427
"../../../../../../Users/user/Documents/Secret_Hit_Game/Content/FirstPerson/Meshes/TexturesCom_Grass0052_2_M.uasset" 428
"../../../../../../Users/user/Documents/Secret_Hit_Game/Content/FirstPerson/Meshes/Grass1.uasset" 429
"../../../../../../Users/user/Documents/Secret_Hit_Game/Content/FirstPerson/Meshes/Grass.uasset" 430
"../../../../../../Users/user/Documents/Secret_Hit_Game/Content/FirstPerson/Meshes/Glass_Case.uasset" 431
"../../../../../../Users/user/Documents/Secret_Hit_Game/Content/FirstPerson/Meshes/Floor_Trim.uasset" 432
"../../../../../../Users/user/Documents/Secret_Hit_Game/Content/FirstPerson/Meshes/Materials/Floor/Floor_Normal.uasset" 433
"../../../../../../Users/user/Documents/Secret_Hit_Game/Content/FirstPerson/Meshes/Materials/Floor/Floor_Diffuse.uasset" 434
"../../../../../../Users/user/Documents/Secret_Hit_Game/Content/FirstPerson/Meshes/Materials/Tile_Floor.uasset" 435
"../../../../../../Users/user/Documents/Secret_Hit_Game/Content/FirstPerson/Meshes/Floor.uasset" 436
"../../../../../../Users/user/Documents/Secret_Hit_Game/Content/FirstPerson/Meshes/Fascist_Portrait.uasset" 437
"../../../../../../Users/user/Documents/Secret_Hit_Game/Content/FirstPerson/Meshes/Materials/Fascist_Board/FascistBoard_Normal.uasset" 438
"../../../../../../Users/user/Documents/Secret_Hit_Game/Content/FirstPerson/Meshes/Materials/Fascist_Board/FascistBoard_Diffuse.uasset" 439
"../../../../../../Users/user/Documents/Secret_Hit_Game/Content/FirstPerson/Meshes/Fascist_Board1.uasset" 440
"../../../../../../Users/user/Documents/Secret_Hit_Game/Content/FirstPerson/Meshes/Fascist_Board.uasset" 441
"../../../../../../Users/user/Documents/Secret_Hit_Game/Content/FirstPerson/Meshes/Faction_Card_Fascist.uasset" 442
"../../../../../../Users/user/Documents/Secret_Hit_Game/Content/FirstPerson/Meshes/Materials/Face_Cards2.uasset" 443
"../../../../../../Users/user/Documents/Secret_Hit_Game/Content/FirstPerson/Meshes/Materials/Face_Card1.uasset" 444
"../../../../../../Users/user/Documents/Secret_Hit_Game/Content/FirstPerson/Meshes/Face_Card_Nazi.uasset" 445
"../../../../../../Users/user/Documents/Secret_Hit_Game/Content/FirstPerson/Meshes/Face_Card_Liberal.uasset" 446
"../../../../../../Users/user/Documents/Secret_Hit_Game/Content/FirstPerson/Meshes/Face_Card_Hitler.uasset" 447
"../../../Engine/Content/EngineSky/T_Sky_Stars.uasset" 448
"../../../Engine/Content/EngineSky/T_Sky_Clouds_M.uasset" 449
"../../../Engine/Content/EngineSky/T_Sky_Blue.uasset" 450
"../../../Engine/Content/EngineSky/M_Sky_Panning_Clouds2.uasset" 451
"../../../../../../Users/user/Documents/Secret_Hit_Game/Content/Geometry/Meshes/1M_Cube.uasset" 452
"../../../Engine/Content/Functions/Engine_MaterialFunctions03/Procedurals/ComputeFilterWidth.uasset" 453
"../../../Engine/Content/EngineMaterials/AntiAliasedTextMaterialTranslucent.uasset" 454
"../../../Engine/Content/EngineSky/SM_SkySphere.uasset" 455
"../../../Engine/Content/EngineSky/C_Sky_Zenith_Color.uasset" 456
"../../../Engine/Content/EngineSky/C_Sky_Horizon_Color.uasset" 457
"../../../Engine/Content/EngineSky/C_Sky_Cloud_Color.uasset" 458
"../../../Engine/Content/EngineSky/BP_Sky_Sphere.uasset" 459
"../../../../../../Users/user/Documents/Secret_Hit_Game/Content/FirstPerson/Meshes/Window_Upper_Arches_Cube_002.uasset" 460
"../../../../../../Users/user/Documents/Secret_Hit_Game/Content/FirstPerson/Meshes/Window_Trim_Plane_010.uasset" 461
"../../../../../../Users/user/Documents/Secret_Hit_Game/Content/FirstPerson/Meshes/Window_Trim_Plane_009.uasset" 462
"../../../../../../Users/user/Documents/Secret_Hit_Game/Content/FirstPerson/Meshes/Window_Lower_Arches.uasset" 463
"../../../../../../Users/user/Documents/Secret_Hit_Game/Content/FirstPerson/Meshes/Window_Horizontal.uasset" 464
"../../../../../../Users/user/Documents/Secret_Hit_Game/Content/FirstPerson/Meshes/Materials/Wood.uasset" 465
"../../../../../../Users/user/Documents/Secret_Hit_Game/Content/FirstPerson/Meshes/Materials/Gold_Trim.uasset" 466
"../../../../../../Users/user/Documents/Secret_Hit_Game/Content/FirstPerson/Meshes/Door.uasset" 467
"../../../../../../Users/user/Documents/Secret_Hit_Game/Content/FirstPerson/Meshes/Curtain_Rod.uasset" 468
"../../../../../../Users/user/Documents/Secret_Hit_Game/Content/FirstPerson/Meshes/Materials/Curtain/Curtain_Normal.uasset" 469
"../../../../../../Users/user/Documents/Secret_Hit_Game/Content/FirstPerson/Meshes/Materials/Curtain/Curtain_Diffuse.uasset" 470
"../../../../../../Users/user/Documents/Secret_Hit_Game/Content/FirstPerson/Meshes/Materials/curtain_cloth_obj_.uasset" 471
"../../../../../../Users/user/Documents/Secret_Hit_Game/Content/FirstPerson/Meshes/Curtains.uasset" 472
"../../../../../../Users/user/Documents/Secret_Hit_Game/Content/FirstPerson/Meshes/Stone_001.uasset" 473
"../../../../../../Users/user/Documents/Secret_Hit_Game/Content/FirstPerson/Meshes/Roof_Pantheon.uasset" 474
"../../../../../../Users/user/Documents/Secret_Hit_Game/Content/FirstPerson/Meshes/Circular_Columns.uasset" 475
"../../../../../../Users/user/Documents/Secret_Hit_Game/Content/FirstPerson/Meshes/Candle.uasset" 476
"../../../../../../Users/user/Documents/Secret_Hit_Game/Content/FirstPerson/Meshes/Chandelier.uasset" 477
"../../../../../../Users/user/Documents/Secret_Hit_Game/Content/FirstPerson/Meshes/Ceiling.uasset" 478
"../../../../../../Users/user/Documents/Secret_Hit_Game/Content/FirstPerson/Meshes/Exterior_Reference_Image.uasset" 479
"../../../../../../Users/user/Documents/Secret_Hit_Game/Content/FirstPerson/Meshes/Bush1.uasset" 480
"../../../../../../Users/user/Documents/Secret_Hit_Game/Content/FirstPerson/Meshes/Bush.uasset" 481
"../../../../../../Users/user/Documents/Secret_Hit_Game/Content/FirstPerson/Character/UI/liberal_card.uasset" 482
"../../../../../../Users/user/Documents/Secret_Hit_Game/Content/FirstPerson/Character/UI/CharacterUI.uasset" 483
"../../../../../../Users/user/Documents/Secret_Hit_Game/Content/FirstPerson/Meshes/Materials/Fascist_Portrait/FascistPortrait_Normal.uasset" 484
"../../../../../../Users/user/Documents/Secret_Hit_Game/Content/FirstPerson/Meshes/Materials/Fascist_Portrait/FascistPortrait_Diffuse.uasset" 485
"../../../../../../Users/user/Documents/Secret_Hit_Game/Content/Fascist_Portrait.uasset" 486
"../../../../../../Users/user/Documents/Secret_Hit_Game/Content/FirstPersonCPP/Maps/FirstPersonExampleMap.umap" 487
"../../../Engine/Content/MapTemplates/SM_Template_Map_Floor.uasset" 488
"../../../../../../Users/user/Documents/Secret_Hit_Game/Content/Levels/StartScreen_BuiltData.uasset" 489
"../../../../../../Users/user/Documents/Secret_Hit_Game/Content/FirstPerson/Gameplay_Control/EntryScreen.uasset" 490
"../../../../../../Users/user/Documents/Secret_Hit_Game/Content/Levels/StartScreen.umap" 491
"../../../Engine/Content/EditorMeshes/ColorCalibrator/M_GreyBall.uasset" 492
"../../../Engine/Content/EditorMeshes/ColorCalibrator/Color_checker.uasset" 493
"../../../Engine/Content/EditorMeshes/ColorCalibrator/M_ColorGrid.uasset" 494
"../../../Engine/Content/EditorMeshes/ColorCalibrator/M_ClearCoatBlack.uasset" 495
"../../../Engine/Content/EditorMeshes/ColorCalibrator/M_ClearCoat.uasset" 496
"../../../Engine/Content/EditorMeshes/ColorCalibrator/M_ChromeBall.uasset" 497
"../../../Engine/Content/EditorMeshes/ColorCalibrator/SM_ColorCalibrator.uasset" 498
"../../../../../../Users/user/Documents/Secret_Hit_Game/Content/StarterContent/Maps/Advanced_Lighting_BuiltData.uasset" 499
"../../../../../../Users/user/Documents/Secret_Hit_Game/Content/StarterContent/HDRI/HDRI_Epic_Courtyard_Daylight.uasset" 500
"../../../Engine/Content/MapTemplates/Sky/DaylightAmbientCubemap.uasset" 501
"../../../../../../Users/user/Documents/Secret_Hit_Game/Content/StarterContent/Blueprints/Assets/M_LightStage_Skybox_Master.uasset" 502
"../../../../../../Users/user/Documents/Secret_Hit_Game/Content/StarterContent/Blueprints/Assets/M_LightStage_Skybox_HDRI.uasset" 503
"../../../../../../Users/user/Documents/Secret_Hit_Game/Content/StarterContent/Blueprints/Assets/M_LightStage_Arrows.uasset" 504
"../../../../../../Users/user/Documents/Secret_Hit_Game/Content/StarterContent/Blueprints/Assets/SM_Arrows.uasset" 505
"../../../Engine/Content/EditorMaterials/Thumbnails/SkySphereMaterial.uasset" 506
"../../../../../../Users/user/Documents/Secret_Hit_Game/Content/StarterContent/Blueprints/Assets/Skybox.uasset" 507
"../../../../../../Users/user/Documents/Secret_Hit_Game/Content/StarterContent/Blueprints/Assets/M_LightStage_Skybox_Black.uasset" 508
"../../../../../../Users/user/Documents/Secret_Hit_Game/Content/StarterContent/Blueprints/Assets/SunlightColorLUT.uasset" 509
"../../../../../../Users/user/Documents/Secret_Hit_Game/Content/StarterContent/Blueprints/Assets/FogBrightnessLUT.uasset" 510
"../../../../../../Users/user/Documents/Secret_Hit_Game/Content/StarterContent/Blueprints/BP_LightStudio.uasset" 511
"../../../../../../Users/user/Documents/Secret_Hit_Game/Content/StarterContent/Materials/M_AssetPlatform.uasset" 512
"../../../../../../Users/user/Documents/Secret_Hit_Game/Content/StarterContent/Architecture/SM_AssetPlatform.uasset" 513
"../../../../../../Users/user/Documents/Secret_Hit_Game/Content/StarterContent/Maps/Advanced_Lighting.umap" 514
"../../../../../../Users/user/Documents/Secret_Hit_Game/Content/StarterContent/Textures/T_TableRound_N.uasset" 515
"../../../../../../Users/user/Documents/Secret_Hit_Game/Content/StarterContent/Textures/T_TableRound_M.uasset" 516
"../../../../../../Users/user/Documents/Secret_Hit_Game/Content/StarterContent/Props/Materials/M_TableRound.uasset" 517
"../../../../../../Users/user/Documents/Secret_Hit_Game/Content/StarterContent/Props/SM_TableRound.uasset" 518
"../../../../../../Users/user/Documents/Secret_Hit_Game/Content/StarterContent/Textures/T_Statue_N.uasset" 519
"../../../../../../Users/user/Documents/Secret_Hit_Game/Content/StarterContent/Textures/T_Statue_M.uasset" 520
"../../../../../../Users/user/Documents/Secret_Hit_Game/Content/StarterContent/Props/Materials/M_Statue.uasset" 521
"../../../../../../Users/user/Documents/Secret_Hit_Game/Content/StarterContent/Props/Materials/M_StatueGlass.uasset" 522
"../../../../../../Users/user/Documents/Secret_Hit_Game/Content/StarterContent/Props/SM_Statue.uasset" 523
"../../../../../../Users/user/Documents/Secret_Hit_Game/Content/StarterContent/Props/SM_Chair.uasset" 524
"../../../../../../Users/user/Documents/Secret_Hit_Game/Content/StarterContent/Textures/T_Metal_Copper_D.uasset" 525
"../../../../../../Users/user/Documents/Secret_Hit_Game/Content/StarterContent/Textures/T_Metal_Gold_N.uasset" 526
"../../../../../../Users/user/Documents/Secret_Hit_Game/Content/StarterContent/Textures/T_MacroVariation.uasset" 527
"../../../../../../Users/user/Documents/Secret_Hit_Game/Content/StarterContent/Materials/M_Metal_Copper.uasset" 528
"../../../../../../Users/user/Documents/Secret_Hit_Game/Content/StarterContent/Textures/T_Metal_Aluminum_D.uasset" 529
"../../../../../../Users/user/Documents/Secret_Hit_Game/Content/StarterContent/Materials/M_Metal_Burnished_Steel.uasset" 530
"../../../../../../Users/user/Documents/Secret_Hit_Game/Content/StarterContent/Materials/M_Metal_Brushed_Nickel.uasset" 531
"../../../../../../Users/user/Documents/Secret_Hit_Game/Content/StarterContent/Maps/Minimal_Default_BuiltData.uasset" 532
"../../../../../../Users/user/Documents/Secret_Hit_Game/Content/StarterContent/Audio/Starter_Background_Cue.uasset" 533
"../../../../../../Users/user/Documents/Secret_Hit_Game/Content/StarterContent/Architecture/Floor_400x400.uasset" 534
"../../../../../../Users/user/Documents/Secret_Hit_Game/Content/StarterContent/Maps/Minimal_Default.umap" 535
"../../../../../../Users/user/Documents/Secret_Hit_Game/Content/StarterContent/Shapes/Shape_Sphere.uasset" 536
"../../../../../../Users/user/Documents/Secret_Hit_Game/Content/StarterContent/Shapes/Shape_QuadPyramid.uasset" 537
"../../../../../../Users/user/Documents/Secret_Hit_Game/Content/StarterContent/Shapes/Shape_Cube.uasset" 538
"../../../../../../Users/user/Documents/Secret_Hit_Game/Content/StarterContent/Textures/T_Frame_N.uasset" 539
"../../../../../../Users/user/Documents/Secret_Hit_Game/Content/StarterContent/Textures/T_Frame_M.uasset" 540
"../../../../../../Users/user/Documents/Secret_Hit_Game/Content/StarterContent/Props/Materials/M_Frame.uasset" 541
"../../../../../../Users/user/Documents/Secret_Hit_Game/Content/StarterContent/Props/SM_WindowFrame.uasset" 542
"../../../../../../Users/user/Documents/Secret_Hit_Game/Content/StarterContent/Props/SM_PillarFrame300.uasset" 543
"../../../../../../Users/user/Documents/Secret_Hit_Game/Content/StarterContent/Props/SM_PillarFrame.uasset" 544
"../../../../../../Users/user/Documents/Secret_Hit_Game/Content/StarterContent/Props/SM_GlassWindow.uasset" 545
"../../../../../../Users/user/Documents/Secret_Hit_Game/Content/StarterContent/Props/SM_DoorFrame.uasset" 546
"../../../../../../Users/user/Documents/Secret_Hit_Game/Content/StarterContent/Props/SM_CornerFrame.uasset" 547
"../../../../../../Users/user/Documents/Secret_Hit_Game/Content/StarterContent/Props/MaterialSphere.uasset" 548
"../../../../../../Users/user/Documents/Secret_Hit_Game/Content/StarterContent/Textures/T_Dust_Particle_D.uasset" 549
"../../../../../../Users/user/Documents/Secret_Hit_Game/Content/StarterContent/Particles/Materials/M_Dust_Particle.uasset" 550
"../../../../../../Users/user/Documents/Secret_Hit_Game/Content/StarterContent/Particles/P_Ambient_Dust.uasset" 551
"../../../../../../Users/user/Documents/Secret_Hit_Game/Content/StarterContent/Textures/T_Wood_Walnut_N.uasset" 552
"../../../../../../Users/user/Documents/Secret_Hit_Game/Content/StarterContent/Textures/T_Wood_Walnut_D.uasset" 553
"../../../../../../Users/user/Documents/Secret_Hit_Game/Content/StarterContent/Materials/M_Wood_Walnut.uasset" 554
"../../../../../../Users/user/Documents/Secret_Hit_Game/Content/StarterContent/Textures/T_Wood_Pine_N.uasset" 555
"../../../../../../Users/user/Documents/Secret_Hit_Game/Content/StarterContent/Textures/T_Wood_Pine_D.uasset" 556
"../../../../../../Users/user/Documents/Secret_Hit_Game/Content/StarterContent/Textures/T_Perlin_Noise_M.uasset" 557
"../../../../../../Users/user/Documents/Secret_Hit_Game/Content/StarterContent/Materials/M_Wood_Pine.uasset" 558
"../../../../../../Users/user/Documents/Secret_Hit_Game/Content/StarterContent/Textures/T_Wood_Oak_N.uasset" 559
"../../../../../../Users/user/Documents/Secret_Hit_Game/Content/StarterContent/Textures/T_Wood_Oak_D.uasset" 560
"../../../../../../Users/user/Documents/Secret_Hit_Game/Content/StarterContent/Materials/M_Wood_Oak.uasset" 561
"../../../Engine/Content/Functions/Engine_MaterialFunctions01/Opacity/AlphaOffset.uasset" 562
"../../../../../../Users/user/Documents/Secret_Hit_Game/Content/StarterContent/Textures/T_Wood_Floor_Walnut_N.uasset" 563
"../../../../../../Users/user/Documents/Secret_Hit_Game/Content/StarterContent/Textures/T_Wood_Floor_Walnut_M.uasset" 564
"../../../../../../Users/user/Documents/Secret_Hit_Game/Content/StarterContent/Textures/T_Wood_Floor_Walnut_D.uasset" 565
"../../../../../../Users/user/Documents/Secret_Hit_Game/Content/StarterContent/Materials/M_Wood_Floor_Walnut_Worn.uasset" 566
"../../../../../../Users/user/Documents/Secret_Hit_Game/Content/StarterContent/Materials/M_Wood_Floor_Walnut_Polished.uasset" 567
"../../../../../../Users/user/Documents/Secret_Hit_Game/Content/StarterContent/Textures/T_Water_M.uasset" 568
"../../../../../../Users/user/Documents/Secret_Hit_Game/Content/StarterContent/Textures/T_Water_N.uasset" 569
"../../../../../../Users/user/Documents/Secret_Hit_Game/Content/StarterContent/Materials/M_Water_Ocean.uasset" 570
"../../../../../../Users/user/Documents/Secret_Hit_Game/Content/StarterContent/Materials/M_Water_Lake.uasset" 571
"../../../../../../Users/user/Documents/Secret_Hit_Game/Content/StarterContent/Textures/T_Tech_Panel_N.uasset" 572
"../../../../../../Users/user/Documents/Secret_Hit_Game/Content/StarterContent/Textures/T_Tech_Panel_M.uasset" 573
"../../../../../../Users/user/Documents/Secret_Hit_Game/Content/StarterContent/Textures/T_Metal_Steel_D.uasset" 574
"../../../../../../Users/user/Documents/Secret_Hit_Game/Content/StarterContent/Materials/M_Tech_Panel.uasset" 575
"../../../../../../Users/user/Documents/Secret_Hit_Game/Content/StarterContent/Textures/T_Tech_Hex_Tile_N.uasset" 576
"../../../../../../Users/user/Documents/Secret_Hit_Game/Content/StarterContent/Textures/T_Tech_Hex_Tile_M.uasset" 577
"../../../../../../Users/user/Documents/Secret_Hit_Game/Content/StarterContent/Materials/M_Tech_Hex_Tile_Pulse.uasset" 578
"../../../../../../Users/user/Documents/Secret_Hit_Game/Content/StarterContent/Materials/M_Tech_Hex_Tile.uasset" 579
"../../../../../../Users/user/Documents/Secret_Hit_Game/Content/StarterContent/Textures/T_Tech_Dot_N.uasset" 580
"../../../../../../Users/user/Documents/Secret_Hit_Game/Content/StarterContent/Textures/T_Tech_Dot_M.uasset" 581
"../../../../../../Users/user/Documents/Secret_Hit_Game/Content/StarterContent/Textures/T_Single_Tile_N.uasset" 582
"../../../../../../Users/user/Documents/Secret_Hit_Game/Content/StarterContent/Textures/T_Checker_Noise_M.uasset" 583
"../../../../../../Users/user/Documents/Secret_Hit_Game/Content/StarterContent/Materials/M_Tech_Checker_Dot.uasset" 584
"../../../../../../Users/user/Documents/Secret_Hit_Game/Content/StarterContent/Textures/T_Rock_Slate_N.uasset" 585
"../../../../../../Users/user/Documents/Secret_Hit_Game/Content/StarterContent/Textures/T_Rock_Slate_D.uasset" 586
"../../../../../../Users/user/Documents/Secret_Hit_Game/Content/StarterContent/Materials/M_Rock_Slate.uasset" 587
"../../../../../../Users/user/Documents/Secret_Hit_Game/Content/StarterContent/Textures/T_Rock_Sandstone_N.uasset" 588
"../../../../../../Users/user/Documents/Secret_Hit_Game/Content/StarterContent/Textures/T_Rock_Sandstone_D.uasset" 589
"../../../../../../Users/user/Documents/Secret_Hit_Game/Content/StarterContent/Materials/M_Rock_Sandstone.uasset" 590
"../../../../../../Users/user/Documents/Secret_Hit_Game/Content/StarterContent/Textures/T_Rock_Marble_Polished_D.uasset" 591
"../../../../../../Users/user/Documents/Secret_Hit_Game/Content/StarterContent/Materials/M_Rock_Marble_Polished.uasset" 592
"../../../../../../Users/user/Documents/Secret_Hit_Game/Content/StarterContent/Textures/T_Rock_Basalt_N.uasset" 593
"../../../../../../Users/user/Documents/Secret_Hit_Game/Content/StarterContent/Materials/M_Rock_Basalt.uasset" 594
"../../../../../../Users/user/Documents/Secret_Hit_Game/Content/StarterContent/Textures/T_Metal_Steel_N.uasset" 595
"../../../../../../Users/user/Documents/Secret_Hit_Game/Content/StarterContent/Materials/M_Metal_Steel.uasset" 596
"../../../../../../Users/user/Documents/Secret_Hit_Game/Content/StarterContent/Textures/T_Metal_Rust_D.uasset" 597
"../../../../../../Users/user/Documents/Secret_Hit_Game/Content/StarterContent/Textures/T_Metal_Rust_N.uasset" 598
"../../../../../../Users/user/Documents/Secret_Hit_Game/Content/StarterContent/Materials/M_Metal_Rust.uasset" 599
"../../../../../../Users/user/Documents/Secret_Hit_Game/Content/StarterContent/Textures/T_Metal_Gold_D.uasset" 600
"../../../../../../Users/user/Documents/Secret_Hit_Game/Content/StarterContent/Materials/M_Metal_Gold.uasset" 601
"../../../../../../Users/user/Documents/Secret_Hit_Game/Content/StarterContent/Materials/M_Metal_Chrome.uasset" 602
"../../../../../../Users/user/Documents/Secret_Hit_Game/Content/StarterContent/Textures/T_Ground_Moss_N.uasset" 603
"../../../../../../Users/user/Documents/Secret_Hit_Game/Content/StarterContent/Textures/T_ground_Moss_D.uasset" 604
"../../../../../../Users/user/Documents/Secret_Hit_Game/Content/StarterContent/Materials/M_Ground_Moss.uasset" 605
"../../../../../../Users/user/Documents/Secret_Hit_Game/Content/StarterContent/Textures/T_Ground_Gravel_N.uasset" 606
"../../../../../../Users/user/Documents/Secret_Hit_Game/Content/StarterContent/Textures/T_Ground_Gravel_D.uasset" 607
"../../../../../../Users/user/Documents/Secret_Hit_Game/Content/StarterContent/Materials/M_Ground_Gravel.uasset" 608
"../../../../../../Users/user/Documents/Secret_Hit_Game/Content/StarterContent/Textures/T_Ground_Grass_N.uasset" 609
"../../../../../../Users/user/Documents/Secret_Hit_Game/Content/StarterContent/Textures/T_Ground_Grass_D.uasset" 610
"../../../../../../Users/user/Documents/Secret_Hit_Game/Content/StarterContent/Materials/M_Ground_Grass.uasset" 611
"../../../../../../Users/user/Documents/Secret_Hit_Game/Content/StarterContent/Textures/T_Concrete_Tiles_Variation_M.uasset" 612
"../../../../../../Users/user/Documents/Secret_Hit_Game/Content/StarterContent/Textures/T_Concrete_Tiles_N.uasset" 613
"../../../../../../Users/user/Documents/Secret_Hit_Game/Content/StarterContent/Textures/T_Concrete_Tiles_M.uasset" 614
"../../../../../../Users/user/Documents/Secret_Hit_Game/Content/StarterContent/Textures/T_Concrete_Tiles_D.uasset" 615
"../../../../../../Users/user/Documents/Secret_Hit_Game/Content/StarterContent/Materials/M_Concrete_Tiles.uasset" 616
"../../../../../../Users/user/Documents/Secret_Hit_Game/Content/StarterContent/Textures/T_Concrete_Panels_N.uasset" 617
"../../../../../../Users/user/Documents/Secret_Hit_Game/Content/StarterContent/Textures/T_Concrete_Panels_D.uasset" 618
"../../../../../../Users/user/Documents/Secret_Hit_Game/Content/StarterContent/Materials/M_Concrete_Panels.uasset" 619
"../../../../../../Users/user/Documents/Secret_Hit_Game/Content/StarterContent/Textures/T_Concrete_Grime_D.uasset" 620
"../../../../../../Users/user/Documents/Secret_Hit_Game/Content/StarterContent/Materials/M_Concrete_Grime.uasset" 621
"../../../../../../Users/user/Documents/Secret_Hit_Game/Content/StarterContent/Textures/T_CobbleStone_Smooth_N.uasset" 622
"../../../../../../Users/user/Documents/Secret_Hit_Game/Content/StarterContent/Textures/T_CobbleStone_Smooth_M.uasset" 623
"../../../../../../Users/user/Documents/Secret_Hit_Game/Content/StarterContent/Textures/T_CobbleStone_Smooth_D.uasset" 624
"../../../../../../Users/user/Documents/Secret_Hit_Game/Content/StarterContent/Textures/T_Rock_Smooth_Granite_D.uasset" 625
"../../../../../../Users/user/Documents/Secret_Hit_Game/Content/StarterContent/Textures/T_Gradinet_01.uasset" 626
"../../../../../../Users/user/Documents/Secret_Hit_Game/Content/StarterContent/Materials/M_CobbleStone_Smooth.uasset" 627
"../../../../../../Users/user/Documents/Secret_Hit_Game/Content/StarterContent/Textures/T_CobbleStone_Rough_N.uasset" 628
"../../../../../../Users/user/Documents/Secret_Hit_Game/Content/StarterContent/Textures/T_CobbleStone_Rough_D.uasset" 629
"../../../../../../Users/user/Documents/Secret_Hit_Game/Content/StarterContent/Materials/M_CobbleStone_Rough.uasset" 630
"../../../../../../Users/user/Documents/Secret_Hit_Game/Content/StarterContent/Textures/T_CobbleStone_Pebble_N.uasset" 631
"../../../../../../Users/user/Documents/Secret_Hit_Game/Content/StarterContent/Textures/T_CobbleStone_Pebble_M.uasset" 632
"../../../../../../Users/user/Documents/Secret_Hit_Game/Content/StarterContent/Textures/T_CobbleStone_Pebble_D.uasset" 633
"../../../../../../Users/user/Documents/Secret_Hit_Game/Content/StarterContent/Materials/M_CobbleStone_Pebble.uasset" 634
"../../../../../../Users/user/Documents/Secret_Hit_Game/Content/StarterContent/Textures/T_Ceramic_Tile_N.uasset" 635
"../../../../../../Users/user/Documents/Secret_Hit_Game/Content/StarterContent/Textures/T_Ceramic_Tile_M.uasset" 636
"../../../../../../Users/user/Documents/Secret_Hit_Game/Content/StarterContent/Materials/M_Ceramic_Tile_Checker.uasset" 637
"../../../../../../Users/user/Documents/Secret_Hit_Game/Content/StarterContent/Textures/T_Brick_Hewn_Stone_N.uasset" 638
"../../../../../../Users/user/Documents/Secret_Hit_Game/Content/StarterContent/Textures/T_Brick_Hewn_Stone_M.uasset" 639
"../../../../../../Users/user/Documents/Secret_Hit_Game/Content/StarterContent/Textures/T_Brick_Hewn_Stone_D.uasset" 640
"../../../../../../Users/user/Documents/Secret_Hit_Game/Content/StarterContent/Materials/M_Brick_Hewn_Stone.uasset" 641
"../../../../../../Users/user/Documents/Secret_Hit_Game/Content/StarterContent/Textures/T_Brick_Cut_Stone_N.uasset" 642
"../../../../../../Users/user/Documents/Secret_Hit_Game/Content/StarterContent/Textures/T_Brick_Cut_Stone_D.uasset" 643
"../../../../../../Users/user/Documents/Secret_Hit_Game/Content/StarterContent/Materials/M_Brick_Cut_Stone.uasset" 644
"../../../../../../Users/user/Documents/Secret_Hit_Game/Content/StarterContent/Textures/T_Brick_Clay_Old_N.uasset" 645
"../../../../../../Users/user/Documents/Secret_Hit_Game/Content/StarterContent/Textures/T_Brick_Clay_Old_D.uasset" 646
"../../../../../../Users/user/Documents/Secret_Hit_Game/Content/StarterContent/Materials/M_Brick_Clay_Old.uasset" 647
"../../../../../../Users/user/Documents/Secret_Hit_Game/Content/StarterContent/Textures/T_Brick_Clay_New_N.uasset" 648
"../../../../../../Users/user/Documents/Secret_Hit_Game/Content/StarterContent/Textures/T_Brick_Clay_New_M.uasset" 649
"../../../../../../Users/user/Documents/Secret_Hit_Game/Content/StarterContent/Textures/T_Brick_Clay_New_D.uasset" 650
"../../../../../../Users/user/Documents/Secret_Hit_Game/Content/StarterContent/Materials/M_Brick_Clay_New.uasset" 651
"../../../../../../Users/user/Documents/Secret_Hit_Game/Content/StarterContent/Textures/T_Brick_Clay_Beveled_N.uasset" 652
"../../../../../../Users/user/Documents/Secret_Hit_Game/Content/StarterContent/Textures/T_Brick_Clay_Beveled_M.uasset" 653
"../../../../../../Users/user/Documents/Secret_Hit_Game/Content/StarterContent/Textures/T_Brick_Clay_Beveled_D.uasset" 654
"../../../../../../Users/user/Documents/Secret_Hit_Game/Content/StarterContent/Materials/M_Brick_Clay_Beveled.uasset" 655
"../../../../../../Users/user/Documents/Secret_Hit_Game/Content/StarterContent/Maps/StarterMap_BuiltData.uasset" 656
"../../../../../../Users/user/Documents/Secret_Hit_Game/Content/StarterContent/Textures/T_Concrete_Poured_N.uasset" 657
"../../../../../../Users/user/Documents/Secret_Hit_Game/Content/StarterContent/Textures/T_Concrete_Poured_D.uasset" 658
"../../../../../../Users/user/Documents/Secret_Hit_Game/Content/StarterContent/Materials/M_Concrete_Poured.uasset" 659
"../../../../../../Users/user/Documents/Secret_Hit_Game/Content/StarterContent/Textures/T_Lamp_N.uasset" 660
"../../../../../../Users/user/Documents/Secret_Hit_Game/Content/StarterContent/Textures/T_Lamp_M.uasset" 661
"../../../../../../Users/user/Documents/Secret_Hit_Game/Content/StarterContent/Props/Materials/M_Lamp.uasset" 662
"../../../../../../Users/user/Documents/Secret_Hit_Game/Content/StarterContent/Props/SM_Lamp_Wall.uasset" 663
"../../../../../../Users/user/Documents/Secret_Hit_Game/Content/StarterContent/Blueprints/Blueprint_WallSconce.uasset" 664
"../../../../../../Users/user/Documents/Secret_Hit_Game/Content/StarterContent/Particles/P_Steam_Lit.uasset" 665
"../../../../../../Users/user/Documents/Secret_Hit_Game/Content/StarterContent/Audio/Steam01_Cue.uasset" 666
"../../../../../../Users/user/Documents/Secret_Hit_Game/Content/StarterContent/Blueprints/Blueprint_Effect_Steam.uasset" 667
"../../../../../../Users/user/Documents/Secret_Hit_Game/Content/StarterContent/Textures/T_Spark_Core.uasset" 668
"../../../../../../Users/user/Documents/Secret_Hit_Game/Content/StarterContent/Particles/Materials/M_Spark.uasset" 669
"../../../../../../Users/user/Documents/Secret_Hit_Game/Content/StarterContent/Particles/Materials/M_Radial_Gradient.uasset" 670
"../../../../../../Users/user/Documents/Secret_Hit_Game/Content/StarterContent/Particles/P_Sparks.uasset" 671
"../../../../../../Users/user/Documents/Secret_Hit_Game/Content/StarterContent/Audio/Fire_Sparks01_Cue.uasset" 672
"../../../../../../Users/user/Documents/Secret_Hit_Game/Content/StarterContent/Blueprints/Blueprint_Effect_Sparks.uasset" 673
"../../../../../../Users/user/Documents/Secret_Hit_Game/Content/StarterContent/Particles/P_Smoke.uasset" 674
"../../../../../../Users/user/Documents/Secret_Hit_Game/Content/StarterContent/Audio/Smoke01_Cue.uasset" 675
"../../../../../../Users/user/Documents/Secret_Hit_Game/Content/StarterContent/Blueprints/Blueprint_Effect_Smoke.uasset" 676
"../../../../../../Users/user/Documents/Secret_Hit_Game/Content/StarterContent/Particles/Materials/M_Heat_Distortion.uasset" 677
"../../../../../../Users/user/Documents/Secret_Hit_Game/Content/StarterContent/Textures/T_Fire_Tiled_D.uasset" 678
"../../../../../../Users/user/Documents/Secret_Hit_Game/Content/StarterContent/Textures/T_Fire_SubUV.uasset" 679
"../../../../../../Users/user/Documents/Secret_Hit_Game/Content/StarterContent/Particles/Materials/M_Fire_SubUV.uasset" 680
"../../../../../../Users/user/Documents/Secret_Hit_Game/Content/StarterContent/Particles/P_Fire.uasset" 681
"../../../../../../Users/user/Documents/Secret_Hit_Game/Content/StarterContent/Audio/Fire01_Cue.uasset" 682
"../../../../../../Users/user/Documents/Secret_Hit_Game/Content/StarterContent/Blueprints/Blueprint_Effect_Fire.uasset" 683
"../../../../../../Users/user/Documents/Secret_Hit_Game/Content/StarterContent/Props/SM_Lamp_Ceiling.uasset" 684
"../../../../../../Users/user/Documents/Secret_Hit_Game/Content/StarterContent/Blueprints/Blueprint_CeilingLight.uasset" 685
"../../../../../../Users/user/Documents/Secret_Hit_Game/Content/StarterContent/Audio/Starter_Music_Cue.uasset" 686
"../../../../../../Users/user/Documents/Secret_Hit_Game/Content/StarterContent/Audio/Collapse_Cue.uasset" 687
"../../../../../../Users/user/Documents/Secret_Hit_Game/Content/StarterContent/Architecture/Wall_Window_400x300.uasset" 688
"../../../../../../Users/user/Documents/Secret_Hit_Game/Content/StarterContent/Architecture/Wall_Door_400x300.uasset" 689
"../../../../../../Users/user/Documents/Secret_Hit_Game/Content/StarterContent/Architecture/Wall_400x200.uasset" 690
"../../../../../../Users/user/Documents/Secret_Hit_Game/Content/StarterContent/Maps/StarterMap.umap" 691
"../../../Engine/Content/Maps/Entry_BuiltData.uasset" 692
"../../../Engine/Content/Maps/Entry.umap" 693
